SudokuAndroid/proguard/seeds.txt
us.blanshard.sudoku.android.GridWidget
us.blanshard.sudoku.android.GridWidget: GridWidget(android.content.Context,android.util.AttributeSet)
us.blanshard.sudoku.android.GridWidget
us.blanshard.sudoku.android.GridWidget: GridWidget(android.content.Context,android.util.AttributeSet,int)
us.blanshard.sudoku.android.SudokuActivity
...
com.google.common.cache.CacheBuilder$NullListener: com.google.common.cache.CacheBuilder$NullListener[] values()
com.google.common.cache.CacheBuilder$NullListener: com.google.common.cache.CacheBuilder$NullListener valueOf(java.lang.String)
us.blanshard.sudoku.core.Solver$Strategy: us.blanshard.sudoku.core.Solver$Strategy[] values()
us.blanshard.sudoku.core.Solver$Strategy: us.blanshard.sudoku.core.Solver$Strategy valueOf(java.lang.String)
com.google.common.collect.CustomConcurrentHashMap$Strength: com.google.common.collect.CustomConcurrentHashMap$Strength[] values()
com.google.common.collect.CustomConcurrentHashMap$Strength: com.google.common.collect.CustomConcurrentHashMap$Strength valueOf(java.lang.String)
com.google.common.collect.CustomConcurrentHashMap$Strength: com.google.common.collect.CustomConcurrentHashMap$Strength[] values()
com.google.common.collect.CustomConcurrentHashMap$Strength: com.google.common.collect.CustomConcurrentHashMap$Strength valueOf(java.lang.String)
com.google.common.collect.CustomConcurrentHashMap$Strength: com.google.common.collect.CustomConcurrentHashMap$Strength[] values()
com.google.common.collect.CustomConcurrentHashMap$Strength: com.google.common.collect.CustomConcurrentHashMap$Strength valueOf(java.lang.String)
com.google.common.collect.CustomConcurrentHashMap$EntryFactory: com.google.common.collect.CustomConcurrentHashMap$EntryFactory[] values()
com.google.common.collect.CustomConcurrentHashMap$EntryFactory: com.google.common.collect.CustomConcurrentHashMap$EntryFactory valueOf(java.lang.String)
com.google.common.collect.CustomConcurrentHashMap$EntryFactory: com.google.common.collect.CustomConcurrentHashMap$EntryFactory[] values()
com.google.common.collect.CustomConcurrentHashMap$EntryFactory: com.google.common.collect.CustomConcurrentHashMap$EntryFactory valueOf(java.lang.String)
com.google.common.collect.CustomConcurrentHashMap$EntryFactory: com.google.common.collect.CustomConcurrentHashMap$EntryFactory[] values()
com.google.common.collect.CustomConcurrentHashMap$EntryFactory: com.google.common.collect.CustomConcurrentHashMap$EntryFactory valueOf(java.lang.String)
com.google.common.collect.CustomConcurrentHashMap$EntryFactory: com.google.common.collect.CustomConcurrentHashMap$EntryFactory[] values()
com.google.common.collect.CustomConcurrentHashMap$EntryFactory: com.google.common.collect.CustomConcurrentHashMap$EntryFactory valueOf(java.lang.String)
com.google.common.collect.CustomConcurrentHashMap$EntryFactory: com.google.common.collect.CustomConcurrentHashMap$EntryFactory[] values()
com.google.common.collect.CustomConcurrentHashMap$EntryFactory: com.google.common.collect.CustomConcurrentHashMap$EntryFactory valueOf(java.lang.String)
com.google.common.cache.CustomConcurrentHashMap$Strength: com.google.common.cache.CustomConcurrentHashMap$Strength[] values()
com.google.common.cache.CustomConcurrentHashMap$Strength: com.google.common.cache.CustomConcurrentHashMap$Strength valueOf(java.lang.String)
com.google.common.cache.CustomConcurrentHashMap$Strength: com.google.common.cache.CustomConcurrentHashMap$Strength[] values()
com.google.common.cache.CustomConcurrentHashMap$Strength: com.google.common.cache.CustomConcurrentHashMap$Strength valueOf(java.lang.String)
com.google.common.cache.CustomConcurrentHashMap$Strength: com.google.common.cache.CustomConcurrentHashMap$Strength[] values()
com.google.common.cache.CustomConcurrentHashMap$Strength: com.google.common.cache.CustomConcurrentHashMap$Strength valueOf(java.lang.String)