SudokuAndroid/proguard/mapping.txt
us.blanshard.sudoku.android.GridWidget -> us.blanshard.sudoku.android.GridWidget:
    int mThickLineWidth -> a
    us.blanshard.sudoku.core.Grid mGrid -> b
    void initWidget() -> a
    void onMeasure(int,int) -> onMeasure
    void onDraw(android.graphics.Canvas) -> onDraw
us.blanshard.sudoku.android.SudokuActivity -> us.blanshard.sudoku.android.SudokuActivity:
    void onCreate(android.os.Bundle) -> onCreate
...
us.blanshard.sudoku.core.Marks$Builder -> us.blanshard.sudoku.a.e:
    us.blanshard.sudoku.core.Marks marks -> a
    boolean built -> b
    us.blanshard.sudoku.core.Marks build() -> a
    us.blanshard.sudoku.core.NumSet get(us.blanshard.sudoku.core.Location) -> a
    boolean assignAll(java.util.Map) -> a
    boolean assign(us.blanshard.sudoku.core.Location,us.blanshard.sudoku.core.Numeral) -> a
    boolean eliminate(us.blanshard.sudoku.core.Location,us.blanshard.sudoku.core.Numeral) -> b
us.blanshard.sudoku.core.NumSet -> us.blanshard.sudoku.a.c:
    short bits -> a
    byte[] nums -> b
    us.blanshard.sudoku.core.NumSet[] instances -> c
    us.blanshard.sudoku.core.NumSet ofBits(int) -> a
    us.blanshard.sudoku.core.NumSet of(us.blanshard.sudoku.core.Numeral[]) -> a
    us.blanshard.sudoku.core.NumSet minus(us.blanshard.sudoku.core.NumSet) -> a
    boolean contains(us.blanshard.sudoku.core.Numeral) -> a
    boolean contains(java.lang.Object) -> contains
    us.blanshard.sudoku.core.Numeral get$78a83c56() -> a
    java.util.Iterator iterator() -> iterator
    int size() -> size
    boolean equals(java.lang.Object) -> equals
    int hashCode() -> hashCode
    byte[] access$0(us.blanshard.sudoku.core.NumSet) -> b
us.blanshard.sudoku.core.NumSet$Iter -> us.blanshard.sudoku.a.t:
    int nextIndex -> a
    us.blanshard.sudoku.core.NumSet this$0 -> b
    boolean hasNext() -> hasNext
    void remove() -> remove
    java.lang.Object next() -> next
us.blanshard.sudoku.core.Numeral -> us.blanshard.sudoku.a.w:
    int number -> a
    int index -> b
    short bit -> c
    java.util.List ALL -> d
    us.blanshard.sudoku.core.Numeral[] instances -> e
    us.blanshard.sudoku.core.Numeral of(int) -> a
    java.lang.String toString() -> toString
    boolean equals(java.lang.Object) -> equals
    int hashCode() -> hashCode
    int compareTo(java.lang.Object) -> compareTo
us.blanshard.sudoku.core.Row -> us.blanshard.sudoku.a.ak:
    int number -> b
    int index -> c
    java.util.List ALL -> d
    us.blanshard.sudoku.core.Row[] instances -> e
    us.blanshard.sudoku.core.Row ofIndex(int) -> a
    int unitIndex() -> c
    boolean contains(us.blanshard.sudoku.core.Location) -> a
    java.lang.String toString() -> toString
us.blanshard.sudoku.core.Solver -> us.blanshard.sudoku.a.f:
    us.blanshard.sudoku.core.Grid start -> a
    java.util.Random random -> b
    us.blanshard.sudoku.core.Solver$Strategy strategy -> c
    us.blanshard.sudoku.core.Marks startMarks -> d
    us.blanshard.sudoku.core.Location[] locations -> e
    us.blanshard.sudoku.core.Solver$Iter iterator() -> a
    java.util.Iterator iterator() -> iterator
    us.blanshard.sudoku.core.Grid access$1(us.blanshard.sudoku.core.Solver) -> a
    us.blanshard.sudoku.core.Marks access$2(us.blanshard.sudoku.core.Solver) -> b
    us.blanshard.sudoku.core.Location[] access$3(us.blanshard.sudoku.core.Solver) -> c
    java.util.Random access$4(us.blanshard.sudoku.core.Solver) -> d
    us.blanshard.sudoku.core.Solver$Assignment[] access$5(us.blanshard.sudoku.core.Marks,us.blanshard.sudoku.core.Location) -> a
us.blanshard.sudoku.core.Solver$Assignment -> us.blanshard.sudoku.a.u:
    us.blanshard.sudoku.core.Marks marks -> a
    us.blanshard.sudoku.core.Location location -> b
    us.blanshard.sudoku.core.Numeral numeral -> c
us.blanshard.sudoku.core.Solver$Iter -> us.blanshard.sudoku.a.q:
    boolean nextComputed -> a
    us.blanshard.sudoku.core.Grid next -> b
    int stepCount -> c
    us.blanshard.sudoku.core.Solver$Worklist worklist -> d
    us.blanshard.sudoku.core.Solver this$0 -> e
    int getStepCount() -> a
    boolean hasNext() -> hasNext
    us.blanshard.sudoku.core.Grid next() -> b
    void remove() -> remove
    java.lang.Object next() -> next