SudokuAndroid/proguard/usage.txt
us.blanshard.sudoku.android.GridWidget:
    private static final int THIN_LINE_WIDTH
    private static final int NORMAL_THICK_LINE_WIDTH
    private static final int SMALL_THICK_LINE_WIDTH
    private static final int SMALL_SIZE_CUTOFF
us.blanshard.sudoku.android.R
us.blanshard.sudoku.android.R$attr
us.blanshard.sudoku.android.R$drawable
us.blanshard.sudoku.android.R$id
us.blanshard.sudoku.android.R$layout
us.blanshard.sudoku.android.R$string
...
com.google.common.cache.RemovalCause$4
com.google.common.cache.RemovalCause$5
com.google.common.cache.RemovalListener
com.google.common.cache.RemovalListeners
com.google.common.cache.RemovalListeners$1
com.google.common.cache.RemovalListeners$1$1
com.google.common.cache.RemovalNotification
com.google.common.cache.package-info
com.google.common.collect.AbstractBiMap
com.google.common.collect.AbstractBiMap$1
com.google.common.collect.AbstractBiMap$EntrySet
com.google.common.collect.AbstractBiMap$EntrySet$1
com.google.common.collect.AbstractBiMap$EntrySet$1$1
com.google.common.collect.AbstractBiMap$Inverse
com.google.common.collect.AbstractBiMap$KeySet
com.google.common.collect.AbstractBiMap$KeySet$1
com.google.common.collect.AbstractBiMap$ValueSet
com.google.common.collect.AbstractBiMap$ValueSet$1
com.google.common.collect.AbstractIndexedListIterator
com.google.common.collect.AbstractIterator
com.google.common.collect.AbstractIterator$1
com.google.common.collect.AbstractIterator$State
com.google.common.collect.AbstractLinkedIterator
com.google.common.collect.AbstractListMultimap
com.google.common.collect.AbstractMapBasedMultiset
com.google.common.collect.AbstractMapBasedMultiset$1
com.google.common.collect.AbstractMapBasedMultiset$1$1
com.google.common.collect.AbstractMapBasedMultiset$MapBasedElementSet
com.google.common.collect.AbstractMapBasedMultiset$MapBasedElementSet$1
com.google.common.collect.AbstractMapBasedMultiset$MapBasedMultisetIterator
com.google.common.collect.AbstractMapEntry
com.google.common.collect.AbstractMultimap
com.google.common.collect.AbstractMultimap$1
com.google.common.collect.AbstractMultimap$2
com.google.common.collect.AbstractMultimap$3
com.google.common.collect.AbstractMultimap$4
com.google.common.collect.AbstractMultimap$AsMap
com.google.common.collect.AbstractMultimap$AsMap$AsMapEntries
com.google.common.collect.AbstractMultimap$AsMap$AsMapIterator
com.google.common.collect.AbstractMultimap$EntryIterator
com.google.common.collect.AbstractMultimap$KeySet
com.google.common.collect.AbstractMultimap$KeySet$1
com.google.common.collect.AbstractMultimap$RandomAccessWrappedList
com.google.common.collect.AbstractMultimap$SortedAsMap
com.google.common.collect.AbstractMultimap$SortedKeySet
com.google.common.collect.AbstractMultimap$WrappedCollection
com.google.common.collect.AbstractMultimap$WrappedCollection$WrappedIterator
com.google.common.collect.AbstractMultimap$WrappedList
com.google.common.collect.AbstractMultimap$WrappedList$WrappedListIterator
com.google.common.collect.AbstractMultimap$WrappedSet
com.google.common.collect.AbstractMultimap$WrappedSortedSet
com.google.common.collect.AbstractMultiset
com.google.common.collect.AbstractMultiset$ElementSet
com.google.common.collect.AbstractMultiset$EntrySet
com.google.common.collect.AbstractSetMultimap
com.google.common.collect.AbstractSortedMultiset
com.google.common.collect.AbstractSortedMultiset$1
com.google.common.collect.AbstractSortedMultiset$2
com.google.common.collect.AbstractSortedSetMultimap
com.google.common.collect.ArrayListMultimap
com.google.common.collect.ArrayTable
com.google.common.collect.ArrayTable$1
com.google.common.collect.ArrayTable$CellSet
com.google.common.collect.ArrayTable$CellSet$1
com.google.common.collect.ArrayTable$CellSet$1$1
com.google.common.collect.ArrayTable$Column
com.google.common.collect.ArrayTable$ColumnEntrySet
com.google.common.collect.ArrayTable$ColumnEntrySet$1
com.google.common.collect.ArrayTable$ColumnEntrySet$1$1
com.google.common.collect.ArrayTable$ColumnMap
com.google.common.collect.ArrayTable$ColumnMapEntrySet
com.google.common.collect.ArrayTable$ColumnMapEntrySet$1
com.google.common.collect.ArrayTable$Row
com.google.common.collect.ArrayTable$RowEntrySet
com.google.common.collect.ArrayTable$RowEntrySet$1
com.google.common.collect.ArrayTable$RowEntrySet$1$1
com.google.common.collect.ArrayTable$RowMap
com.google.common.collect.ArrayTable$RowMapEntrySet
com.google.common.collect.ArrayTable$RowMapEntrySet$1